Using pre-set license
Built from '2022.1/staging' branch; Version is '2022.1.23f1 (9636b062134a) revision 9844400'; Using compiler version '192829333'; Build Type 'Release'
OS: 'Windows 11  (10.0.22621) 64bit Professional' Language: 'en' Physical Memory: 7991 MB
BatchMode: 1, IsHumanControllingUs: 0, StartBugReporterOnCrash: 0, Is64bit: 1, IsPro: 1

COMMAND LINE ARGUMENTS:
C:\Program Files\Unity\Hub\Editor\2022.1.23f1\Editor\Unity.exe
-adb2
-batchMode
-noUpm
-name
AssetImportWorker29
-projectPath
D:/_Uni/Development/S2/Assignment 4/undergrown/undergrown project
-logFile
Logs/AssetImportWorker29.log
-srvPort
62183
Successfully changed project path to: D:/_Uni/Development/S2/Assignment 4/undergrown/undergrown project
D:/_Uni/Development/S2/Assignment 4/undergrown/undergrown project
[UnityMemory] Configuration Parameters - Can be set up in boot.config
    "memorysetup-bucket-allocator-granularity=16"
    "memorysetup-bucket-allocator-bucket-count=8"
    "memorysetup-bucket-allocator-block-size=33554432"
    "memorysetup-bucket-allocator-block-count=8"
    "memorysetup-main-allocator-block-size=16777216"
    "memorysetup-thread-allocator-block-size=16777216"
    "memorysetup-gfx-main-allocator-block-size=16777216"
    "memorysetup-gfx-thread-allocator-block-size=16777216"
    "memorysetup-cache-allocator-block-size=4194304"
    "memorysetup-typetree-allocator-block-size=2097152"
    "memorysetup-profiler-bucket-allocator-granularity=16"
    "memorysetup-profiler-bucket-allocator-bucket-count=8"
    "memorysetup-profiler-bucket-allocator-block-size=33554432"
    "memorysetup-profiler-bucket-allocator-block-count=8"
    "memorysetup-profiler-allocator-block-size=16777216"
    "memorysetup-profiler-editor-allocator-block-size=1048576"
    "memorysetup-temp-allocator-size-main=16777216"
    "memorysetup-job-temp-allocator-block-size=2097152"
    "memorysetup-job-temp-allocator-block-size-background=1048576"
    "memorysetup-job-temp-allocator-reduction-small-platforms=262144"
    "memorysetup-temp-allocator-size-background-worker=32768"
    "memorysetup-temp-allocator-size-job-worker=262144"
    "memorysetup-temp-allocator-size-preload-manager=33554432"
    "memorysetup-temp-allocator-size-nav-mesh-worker=65536"
    "memorysetup-temp-allocator-size-audio-worker=65536"
    "memorysetup-temp-allocator-size-cloud-worker=32768"
    "memorysetup-temp-allocator-size-gi-baking-worker=262144"
    "memorysetup-temp-allocator-size-gfx=262144"
Default GameObject BitMask: UI already registered
Refreshing native plugins compatible for Editor in 239.65 ms, found 6 plugins.
Preloading 0 native plugins for Editor in 0.00 ms.
Initialize engine version: 2022.1.23f1 (9636b062134a)
[Subsystems] Discovering subsystems at path C:/Program Files/Unity/Hub/Editor/2022.1.23f1/Editor/Data/Resources/UnitySubsystems
[Subsystems] Discovering subsystems at path D:/_Uni/Development/S2/Assignment 4/undergrown/undergrown project/Assets
GfxDevice: creating device client; threaded=0; jobified=0
Direct3D:
    Version:  Direct3D 11.0 [level 11.1]
    Renderer: Intel(R) Iris(R) Xe Graphics (ID=0x9a49)
    Vendor:   Intel
    VRAM:     3995 MB
    Driver:   30.0.101.1960
Initialize mono
Mono path[0] = 'C:/Program Files/Unity/Hub/Editor/2022.1.23f1/Editor/Data/Managed'
Mono path[1] = 'C:/Program Files/Unity/Hub/Editor/2022.1.23f1/Editor/Data/MonoBleedingEdge/lib/mono/unityjit-win32'
Mono config path = 'C:/Program Files/Unity/Hub/Editor/2022.1.23f1/Editor/Data/MonoBleedingEdge/etc'
Using monoOptions --debugger-agent=transport=dt_socket,embedding=1,server=y,suspend=n,address=127.0.0.1:56900
Begin MonoManager ReloadAssembly
Registering precompiled unity dll's ...
Register platform support module: C:/Program Files/Unity/Hub/Editor/2022.1.23f1/Editor/Data/PlaybackEngines/WindowsStandaloneSupport/UnityEditor.WindowsStandalone.Extensions.dll
Registered in 0.028037 seconds.
Native extension for WindowsStandalone target not found
Refreshing native plugins compatible for Editor in 226.35 ms, found 6 plugins.
Preloading 0 native plugins for Editor in 0.00 ms.
Mono: successfully reloaded assembly
- Completed reload, in  1.508 seconds
Domain Reload Profiling:
	ReloadAssembly (1508ms)
		BeginReloadAssembly (110ms)
			ExecutionOrderSort (0ms)
			DisableScriptedObjects (0ms)
			BackupInstance (0ms)
			ReleaseScriptingObjects (0ms)
			CreateAndSetChildDomain (1ms)
		EndReloadAssembly (1065ms)
			LoadAssemblies (114ms)
			RebuildTransferFunctionScriptingTraits (1ms)
			SetupTypeCache (374ms)
				TypeCache.Initialize (372ms)
					TypeCache.ScanAssembly (365ms)
				ResolveRequiredComponents (2ms)
			ReleaseScriptCaches (0ms)
			RebuildScriptCaches (52ms)
			SetupLoadedEditorAssemblies (516ms)
				LogAssemblyErrors (0ms)
				InitializePlatformSupportModulesInManaged (11ms)
				SetLoadedEditorAssemblies (11ms)
				RefreshPlugins (226ms)
				BeforeProcessingInitializeOnLoad (2ms)
				ProcessInitializeOnLoadAttributes (205ms)
				ProcessInitializeOnLoadMethodAttributes (60ms)
				AfterProcessingInitializeOnLoad (0ms)
				EditorAssembliesLoaded (0ms)
			ExecutionOrderSort2 (0ms)
			AwakeInstancesAfterBackupRestoration (0ms)
Platform modules already initialized, skipping
Registering precompiled user dll's ...
Registered in 0.008669 seconds.
Begin MonoManager ReloadAssembly
Symbol file LoadedFromMemory doesn't match image D:\_Uni\Development\S2\Assignment 4\undergrown\undergrown project\Library\PackageCache\com.unity.visualscripting@1.7.8\Editor\VisualScripting.Core\Dependencies\YamlDotNet\Unity.VisualScripting.YamlDotNet.dll
Symbol file LoadedFromMemory doesn't match image D:\_Uni\Development\S2\Assignment 4\undergrown\undergrown project\Library\PackageCache\com.unity.visualscripting@1.7.8\Editor\VisualScripting.Core\Dependencies\DotNetZip\Unity.VisualScripting.IonicZip.dll
Native extension for WindowsStandalone target not found
Refreshing native plugins compatible for Editor in 295.68 ms, found 6 plugins.
Preloading 0 native plugins for Editor in 0.00 ms.
Mono: successfully reloaded assembly
- Completed reload, in  3.221 seconds
Domain Reload Profiling:
	ReloadAssembly (3223ms)
		BeginReloadAssembly (196ms)
			ExecutionOrderSort (0ms)
			DisableScriptedObjects (9ms)
			BackupInstance (0ms)
			ReleaseScriptingObjects (1ms)
			CreateAndSetChildDomain (37ms)
		EndReloadAssembly (2840ms)
			LoadAssemblies (196ms)
			RebuildTransferFunctionScriptingTraits (0ms)
			SetupTypeCache (679ms)
				TypeCache.Initialize (624ms)
					TypeCache.ScanAssembly (585ms)
				ResolveRequiredComponents (54ms)
			ReleaseScriptCaches (1ms)
			RebuildScriptCaches (143ms)
			SetupLoadedEditorAssemblies (1655ms)
				LogAssemblyErrors (0ms)
				InitializePlatformSupportModulesInManaged (7ms)
				SetLoadedEditorAssemblies (15ms)
				RefreshPlugins (296ms)
				BeforeProcessingInitializeOnLoad (334ms)
				ProcessInitializeOnLoadAttributes (810ms)
				ProcessInitializeOnLoadMethodAttributes (182ms)
				AfterProcessingInitializeOnLoad (10ms)
				EditorAssembliesLoaded (1ms)
			ExecutionOrderSort2 (0ms)
			AwakeInstancesAfterBackupRestoration (9ms)
Platform modules already initialized, skipping
========================================================================
Worker process is ready to serve import requests
Default GameObject BitMask: UI already registered
Shader 'MapMagic/TerrainPreviewHDRP': dependency 'BaseMapShader' shader 'Hidden/HDRP/TerrainLit_Basemap' not found
Shader 'MapMagic/TerrainPreviewHDRP': dependency 'BaseMapGenShader' shader 'Hidden/HDRP/TerrainLit_BasemapGen' not found
Shader 'MapMagic/TerrainPreviewHDRP': dependency 'BaseMapShader' shader 'Hidden/HDRP/TerrainLit_Basemap' not found
Shader 'MapMagic/TerrainPreviewHDRP': dependency 'BaseMapGenShader' shader 'Hidden/HDRP/TerrainLit_BasemapGen' not found
Launched and connected shader compiler UnityShaderCompiler.exe after 0.21 seconds
Refreshing native plugins compatible for Editor in 13.02 ms, found 6 plugins.
Preloading 0 native plugins for Editor in 0.00 ms.
Unloading 6420 Unused Serialized files (Serialized files now loaded: 0)
Unloading 62 unused Assets / (12.4 MB). Loaded Objects now: 6880.
Memory consumption went from 1.03 GB to 1.01 GB.
Total: 15.981700 ms (FindLiveObjects: 2.355100 ms CreateObjectMapping: 1.296900 ms MarkObjects: 8.817700 ms  DeleteObjects: 3.506900 ms)

AssetImportParameters requested are different than current active one (requested -> active):
  custom:video-decoder-ogg-theora: a1e56fd34408186e4bbccfd4996cb3dc -> 
  custom:container-muxer-webm: aa71ff27fc2769a1b78a27578f13a17b -> 
  custom:container-demuxer-webm: 4f35f7cbe854078d1ac9338744f61a02 -> 
  custom:video-encoder-webm-vp8: eb34c28f22e8b96e1ab97ce403110664 -> 
  custom:video-codec-MediaFoundation-h265: 746d11721c4dcdbdad8f713fa42b33f4 -> 
  custom:audio-encoder-webm-vorbis: bf7c407c2cedff20999df2af8eb42d56 -> 
  custom:framework-win-MediaFoundation: 216162199b28c13a410421893ffa2e32 -> 
  custom:container-demuxer-ogg: 62fdf1f143b41e24485cea50d1cbac27 -> 
  custom:video-decoder-webm-vp8: 9c59270c3fd7afecdb556c50c9e8de78 -> 
  custom:audio-decoder-ogg-vorbis: bf7c407c2cedff20999df2af8eb42d56 -> 
========================================================================
Received Import Request.
  Time since last request: 90072.091836 seconds.
  path: Assets/_ImportedAssets/Etra Games/Etra'sStarterAssets/1-UserAssets/CharacterAsset/Prefabs/FirstPerson/EtraFPS_Move&Interact.prefab
  artifactKey: Guid(8ce99248705890c4b9e7fb1e942c30bd) Importer(815301076,1909f56bfc062723c751e8b465ee728b)
Start importing Assets/_ImportedAssets/Etra Games/Etra'sStarterAssets/1-UserAssets/CharacterAsset/Prefabs/FirstPerson/EtraFPS_Move&Interact.prefab using Guid(8ce99248705890c4b9e7fb1e942c30bd) Importer(815301076,1909f56bfc062723c751e8b465ee728b)  -> (artifact id: '51242e6637ec04a813913abde82074be') in 4.083806 seconds 
========================================================================
Received Import Request.
  Time since last request: 0.000318 seconds.
  path: Assets/_ImportedAssets/Etra Games/Etra'sStarterAssets/1-UserAssets/CharacterAsset/Prefabs/FirstPerson/EtraFPS_AllAbilites&Items.prefab
  artifactKey: Guid(fa9b14a965d915744a1a5de1dbb34474) Importer(815301076,1909f56bfc062723c751e8b465ee728b)
Start importing Assets/_ImportedAssets/Etra Games/Etra'sStarterAssets/1-UserAssets/CharacterAsset/Prefabs/FirstPerson/EtraFPS_AllAbilites&Items.prefab using Guid(fa9b14a965d915744a1a5de1dbb34474) Importer(815301076,1909f56bfc062723c751e8b465ee728b)  -> (artifact id: '0d85b878aeae98445a256b89f703400d') in 1.411062 seconds 
========================================================================
Received Import Request.
  Time since last request: 24.044456 seconds.
  path: Assets/_ImportedAssets
  artifactKey: Guid(3a3f5b33e166a3d4f94e00c835046cf3) Importer(815301076,1909f56bfc062723c751e8b465ee728b)
Start importing Assets/_ImportedAssets using Guid(3a3f5b33e166a3d4f94e00c835046cf3) Importer(815301076,1909f56bfc062723c751e8b465ee728b)  -> (artifact id: '7ca17afe7ffd8c9e24693dd70f6dc94d') in 0.028136 seconds 
========================================================================
Received Import Request.
  Time since last request: 1.366111 seconds.
  path: Assets/_ImportedAssets/Gridness Studios
  artifactKey: Guid(0938064c1c671b44884fda49604c0ffd) Importer(815301076,1909f56bfc062723c751e8b465ee728b)
Start importing Assets/_ImportedAssets/Gridness Studios using Guid(0938064c1c671b44884fda49604c0ffd) Importer(815301076,1909f56bfc062723c751e8b465ee728b)  -> (artifact id: '9cc3c75c7cb3b7a6ad21f4a4f99c7b57') in 0.024112 seconds 
========================================================================
Received Import Request.
  Time since last request: 2.241653 seconds.
  path: Assets/_ImportedAssets/Etra Games
  artifactKey: Guid(2d27131fc2475b640bfb7f65166ac447) Importer(815301076,1909f56bfc062723c751e8b465ee728b)
Start importing Assets/_ImportedAssets/Etra Games using Guid(2d27131fc2475b640bfb7f65166ac447) Importer(815301076,1909f56bfc062723c751e8b465ee728b)  -> (artifact id: 'a76b32358ef43d53d5370a09c192deb0') in 0.043936 seconds 
========================================================================
Received Import Request.
  Time since last request: 0.802699 seconds.
  path: Assets/_ImportedAssets/Etra Games/Etra'sStarterAssets
  artifactKey: Guid(16a096e4285719b4c9f1002816ea53e1) Importer(815301076,1909f56bfc062723c751e8b465ee728b)
Start importing Assets/_ImportedAssets/Etra Games/Etra'sStarterAssets using Guid(16a096e4285719b4c9f1002816ea53e1) Importer(815301076,1909f56bfc062723c751e8b465ee728b)  -> (artifact id: '499bd6f6941f73c899e03c1dc4cad97b') in 0.030250 seconds 
========================================================================
Received Import Request.
  Time since last request: 1.157011 seconds.
  path: Assets/_ImportedAssets/Etra Games/Etra'sStarterAssets/1-UserAssets
  artifactKey: Guid(0424d34bd7dc7dd40b3a0c0a76b01372) Importer(815301076,1909f56bfc062723c751e8b465ee728b)
Start importing Assets/_ImportedAssets/Etra Games/Etra'sStarterAssets/1-UserAssets using Guid(0424d34bd7dc7dd40b3a0c0a76b01372) Importer(815301076,1909f56bfc062723c751e8b465ee728b)  -> (artifact id: '158df4ed19f9d4202a0f92fe61a5a2ce') in 0.028758 seconds 
========================================================================
Received Import Request.
  Time since last request: 0.031106 seconds.
  path: Assets/_ImportedAssets/Etra Games/Etra'sStarterAssets/1-UserAssets/Readme.asset
  artifactKey: Guid(4bbba03f3ed882d41bc9a67391c8479e) Importer(815301076,1909f56bfc062723c751e8b465ee728b)
Start importing Assets/_ImportedAssets/Etra Games/Etra'sStarterAssets/1-UserAssets/Readme.asset using Guid(4bbba03f3ed882d41bc9a67391c8479e) Importer(815301076,1909f56bfc062723c751e8b465ee728b)  -> (artifact id: '3f7e5cae0f2cea93a300f5a21fb8fa86') in 0.087690 seconds 
========================================================================
Received Import Request.
  Time since last request: 1.806299 seconds.
  path: Assets/_ImportedAssets/Etra Games/Etra'sStarterAssets/1-UserAssets/CharacterAsset
  artifactKey: Guid(34e0661001cfc1b488737d0941f60035) Importer(815301076,1909f56bfc062723c751e8b465ee728b)
Start importing Assets/_ImportedAssets/Etra Games/Etra'sStarterAssets/1-UserAssets/CharacterAsset using Guid(34e0661001cfc1b488737d0941f60035) Importer(815301076,1909f56bfc062723c751e8b465ee728b)  -> (artifact id: 'd5049e8fc35fa2f2593c4bdc1d211f6a') in 0.027597 seconds 
========================================================================
Received Import Request.
  Time since last request: 1.120094 seconds.
  path: Assets/_ImportedAssets/Etra Games/Etra'sStarterAssets/1-UserAssets/CharacterAsset/Prefabs
  artifactKey: Guid(4553e7f81c7208b44ae7ea558d02ca2b) Importer(815301076,1909f56bfc062723c751e8b465ee728b)
Start importing Assets/_ImportedAssets/Etra Games/Etra'sStarterAssets/1-UserAssets/CharacterAsset/Prefabs using Guid(4553e7f81c7208b44ae7ea558d02ca2b) Importer(815301076,1909f56bfc062723c751e8b465ee728b)  -> (artifact id: '50e556cc63cc746f4beb65b40dcea517') in 0.021729 seconds 
========================================================================
Received Import Request.
  Time since last request: 1.185603 seconds.
  path: Assets/_ImportedAssets/Etra Games/Etra'sStarterAssets/1-UserAssets/CharacterAsset/Prefabs/FirstPerson
  artifactKey: Guid(6252678cd7ee0aa4795af22b204b5b86) Importer(815301076,1909f56bfc062723c751e8b465ee728b)
Start importing Assets/_ImportedAssets/Etra Games/Etra'sStarterAssets/1-UserAssets/CharacterAsset/Prefabs/FirstPerson using Guid(6252678cd7ee0aa4795af22b204b5b86) Importer(815301076,1909f56bfc062723c751e8b465ee728b)  -> (artifact id: '4009ef6ce6ae8c1bbc09efa59b18d252') in 0.032544 seconds 
