Using pre-set license
Built from '2022.1/staging' branch; Version is '2022.1.23f1 (9636b062134a) revision 9844400'; Using compiler version '192829333'; Build Type 'Release'
OS: 'Windows 11  (10.0.22621) 64bit Professional' Language: 'en' Physical Memory: 7991 MB
BatchMode: 1, IsHumanControllingUs: 0, StartBugReporterOnCrash: 0, Is64bit: 1, IsPro: 1

COMMAND LINE ARGUMENTS:
C:\Program Files\Unity\Hub\Editor\2022.1.23f1\Editor\Unity.exe
-adb2
-batchMode
-noUpm
-name
AssetImportWorker123
-projectPath
D:/_Uni/Development/S2/Assignment 4/undergrown/undergrown project3
-logFile
Logs/AssetImportWorker123.log
-srvPort
63578
Successfully changed project path to: D:/_Uni/Development/S2/Assignment 4/undergrown/undergrown project3
D:/_Uni/Development/S2/Assignment 4/undergrown/undergrown project3
[UnityMemory] Configuration Parameters - Can be set up in boot.config
    "memorysetup-bucket-allocator-granularity=16"
    "memorysetup-bucket-allocator-bucket-count=8"
    "memorysetup-bucket-allocator-block-size=33554432"
    "memorysetup-bucket-allocator-block-count=8"
    "memorysetup-main-allocator-block-size=16777216"
    "memorysetup-thread-allocator-block-size=16777216"
    "memorysetup-gfx-main-allocator-block-size=16777216"
    "memorysetup-gfx-thread-allocator-block-size=16777216"
    "memorysetup-cache-allocator-block-size=4194304"
    "memorysetup-typetree-allocator-block-size=2097152"
    "memorysetup-profiler-bucket-allocator-granularity=16"
    "memorysetup-profiler-bucket-allocator-bucket-count=8"
    "memorysetup-profiler-bucket-allocator-block-size=33554432"
    "memorysetup-profiler-bucket-allocator-block-count=8"
    "memorysetup-profiler-allocator-block-size=16777216"
    "memorysetup-profiler-editor-allocator-block-size=1048576"
    "memorysetup-temp-allocator-size-main=16777216"
    "memorysetup-job-temp-allocator-block-size=2097152"
    "memorysetup-job-temp-allocator-block-size-background=1048576"
    "memorysetup-job-temp-allocator-reduction-small-platforms=262144"
    "memorysetup-temp-allocator-size-background-worker=32768"
    "memorysetup-temp-allocator-size-job-worker=262144"
    "memorysetup-temp-allocator-size-preload-manager=33554432"
    "memorysetup-temp-allocator-size-nav-mesh-worker=65536"
    "memorysetup-temp-allocator-size-audio-worker=65536"
    "memorysetup-temp-allocator-size-cloud-worker=32768"
    "memorysetup-temp-allocator-size-gi-baking-worker=262144"
    "memorysetup-temp-allocator-size-gfx=262144"
mdb reader table full -> cleaning up stale readers. Current readers:
    pid     thread     txnid
     21752 552c -
     21752 365c -
     21752 1fc8 -
     14328 408c -
     12188 4708 -
     19468 3028 -
      2268 1bd4 -
     22292 31e8 -
     20672 4c84 -
     12804 2454 -
     18324 29a8 -
      4632 2e00 -
      4416 3db8 -
      9092 9f4 -
     12812 ec8 -
     21244 4d58 15740
      4204 32d4 -
      8148 3d74 -
      1560 20cc -
      8292 152c -
      4548 dc0 -
     20684 5300 15746
      9552 4fa4 -
      1408 2a84 -
     16280 3fa0 -
     14788 224c -
     18364 1894 -
     14904 4b78 -
     15724 2c44 -
      8840 1168 -
      7432 4508 -
     19312 e4c -
     14320 63c -
     19904 1314 -
     21760 3ce8 -
      7288 55d0 -
      9176 4b7c -
      1544 1430 15762
      3484 51cc -
      2444 53a8 -
     21404 2304 -
      9152 1e48 15766
      3240 5398 15766
     13420 1fa8 -
     12928 2cbc -
      1784 ab8 -
      7848 3458 -
      8408 2224 -
      9804 4c44 -
     19736 2ee8 -
      8624 1394 -
     17428 5420 -
     21600 2bbc -
      5976 2f74 -
     15464 3b24 -
     11828 36c4 -
      4040 28cc -
     10224 1234 -
      2008 988 -
      1976 1684 -
      4072 720 15840
      8512 b04 -
     10624 33ec -
      2328 75c -
     10728 38dc -
     17284 2e94 -
      7676 5088 -
      7624 1df0 -
      8696 3198 -
      2120 54b8 -
      1116 990 -
      5656 1604 -
      1524 37c0 -
      9252 26d0 -
     21660 4740 -
     14308 394 -
      9376 26d8 -
     20980 149c -
      3892 51d0 -
     10148 3040 -
      9200 3fb0 -
     19224 a50 -
      2896 43c4 -
     17768 64c -
      2816 11d8 -
     17068 47f4 -
      8116 2e5c -
     21428 2a58 -
      5992 1f68 -
     13356 3218 -
      9896 1694 -
      8968 3e64 -
      3616 496c -
     21200 4050 -
     13824 2520 -
      5160 2204 -
     13804 4b48 -
      2208 1f98 -
     10596 4e88 -
     14104 4edc -
      8544 404c -
      8728 2a34 -
     18560 19e8 -
     10024 4d0 -
     17112 2164 -
     13256 2f88 -
      8912 1508 -
      4256 5b8 -
      4196 53f8 -
      5768 3500 -
      8836 1eac -
     11628 3654 15944
      6260 3d50 -
     10572 4ee4 -
     21388 3b40 -
      8648 3f10 -
      6492 5360 -
     18912 5708 -
      3428 2a08 -
     21684 38c0 -
     14344 114c -
     22404 1a04 -
      7724 10f4 -
     13772 15c4 -
     18756 520c -
     21168 3478 15958
Cleaned out 122 stale readers
Refreshing native plugins compatible for Editor in 194.83 ms, found 3 plugins.
Preloading 0 native plugins for Editor in 0.00 ms.
Initialize engine version: 2022.1.23f1 (9636b062134a)
[Subsystems] Discovering subsystems at path C:/Program Files/Unity/Hub/Editor/2022.1.23f1/Editor/Data/Resources/UnitySubsystems
[Subsystems] Discovering subsystems at path D:/_Uni/Development/S2/Assignment 4/undergrown/undergrown project3/Assets
GfxDevice: creating device client; threaded=0; jobified=0
Direct3D:
    Version:  Direct3D 11.0 [level 11.1]
    Renderer: Intel(R) Iris(R) Xe Graphics (ID=0x9a49)
    Vendor:   Intel
    VRAM:     3995 MB
    Driver:   30.0.101.1960
Initialize mono
Mono path[0] = 'C:/Program Files/Unity/Hub/Editor/2022.1.23f1/Editor/Data/Managed'
Mono path[1] = 'C:/Program Files/Unity/Hub/Editor/2022.1.23f1/Editor/Data/MonoBleedingEdge/lib/mono/unityjit-win32'
Mono config path = 'C:/Program Files/Unity/Hub/Editor/2022.1.23f1/Editor/Data/MonoBleedingEdge/etc'
Using monoOptions --debugger-agent=transport=dt_socket,embedding=1,server=y,suspend=n,address=127.0.0.1:56628
Begin MonoManager ReloadAssembly
Registering precompiled unity dll's ...
Register platform support module: C:/Program Files/Unity/Hub/Editor/2022.1.23f1/Editor/Data/PlaybackEngines/WindowsStandaloneSupport/UnityEditor.WindowsStandalone.Extensions.dll
Registered in 0.004137 seconds.
Native extension for WindowsStandalone target not found
Refreshing native plugins compatible for Editor in 242.62 ms, found 3 plugins.
Preloading 0 native plugins for Editor in 0.00 ms.
Mono: successfully reloaded assembly
- Completed reload, in  1.177 seconds
Domain Reload Profiling:
	ReloadAssembly (1178ms)
		BeginReloadAssembly (132ms)
			ExecutionOrderSort (0ms)
			DisableScriptedObjects (0ms)
			BackupInstance (0ms)
			ReleaseScriptingObjects (0ms)
			CreateAndSetChildDomain (1ms)
		EndReloadAssembly (903ms)
			LoadAssemblies (129ms)
			RebuildTransferFunctionScriptingTraits (0ms)
			SetupTypeCache (178ms)
				TypeCache.Initialize (177ms)
					TypeCache.ScanAssembly (176ms)
				ResolveRequiredComponents (1ms)
			ReleaseScriptCaches (0ms)
			RebuildScriptCaches (42ms)
			SetupLoadedEditorAssemblies (613ms)
				LogAssemblyErrors (0ms)
				InitializePlatformSupportModulesInManaged (11ms)
				SetLoadedEditorAssemblies (12ms)
				RefreshPlugins (243ms)
				BeforeProcessingInitializeOnLoad (4ms)
				ProcessInitializeOnLoadAttributes (235ms)
				ProcessInitializeOnLoadMethodAttributes (108ms)
				AfterProcessingInitializeOnLoad (0ms)
				EditorAssembliesLoaded (0ms)
			ExecutionOrderSort2 (0ms)
			AwakeInstancesAfterBackupRestoration (0ms)
Platform modules already initialized, skipping
Registering precompiled user dll's ...
Registered in 1.575455 seconds.
